<?xml version="1.0" encoding="UTF-8"?>
<testsuite xmlns:xsi="http://www.w3.org/2001/XMLSchema-instance" xsi:noNamespaceSchemaLocation="https://maven.apache.org/surefire/maven-surefire-plugin/xsd/surefire-test-report.xsd" name="cz.cvut.fel.esw.nonblock.map.VmlensStringSetTest" time="0.521" tests="3" errors="0" skipped="0" failures="0">
  <properties>
    <property name="java.specification.version" value="17"/>
    <property name="sun.cpu.isalist" value="amd64"/>
    <property name="sun.jnu.encoding" value="Cp1252"/>
    <property name="java.class.path" value="C:\Program Files\JetBrains\IntelliJ IDEA 2021.3.2\plugins\maven\lib\maven3\boot\plexus-classworlds-2.6.0.jar;C:\Program Files\JetBrains\IntelliJ IDEA 2021.3.2\plugins\maven\lib\maven3\boot\plexus-classworlds.license"/>
    <property name="java.vm.vendor" value="Oracle Corporation"/>
    <property name="sun.arch.data.model" value="64"/>
    <property name="user.variant" value=""/>
    <property name="java.vendor.url" value="https://java.oracle.com/"/>
    <property name="user.timezone" value="Europe/Prague"/>
    <property name="user.country.format" value="CZ"/>
    <property name="maven.conf" value="C:\Program Files\JetBrains\IntelliJ IDEA 2021.3.2\plugins\maven\lib\maven3/conf"/>
    <property name="java.vm.specification.version" value="17"/>
    <property name="os.name" value="Windows 10"/>
    <property name="sun.java.launcher" value="SUN_STANDARD"/>
    <property name="user.country" value="US"/>
    <property name="sun.boot.library.path" value="C:\Users\JakubJíra\.jdks\openjdk-17.0.2\bin"/>
    <property name="sun.java.command" value="org.codehaus.classworlds.Launcher -Didea.version=2021.3.2 test"/>
    <property name="jdk.debug" value="release"/>
    <property name="maven.home" value="C:\Program Files\JetBrains\IntelliJ IDEA 2021.3.2\plugins\maven\lib\maven3"/>
    <property name="sun.cpu.endian" value="little"/>
    <property name="user.home" value="C:\Users\JakubJíra"/>
    <property name="user.language" value="en"/>
    <property name="java.specification.vendor" value="Oracle Corporation"/>
    <property name="java.version.date" value="2022-01-18"/>
    <property name="java.home" value="C:\Users\JakubJíra\.jdks\openjdk-17.0.2"/>
    <property name="file.separator" value="\"/>
    <property name="java.vm.compressedOopsMode" value="Zero based"/>
    <property name="line.separator" value="&#10;"/>
    <property name="java.vm.specification.vendor" value="Oracle Corporation"/>
    <property name="java.specification.name" value="Java Platform API Specification"/>
    <property name="user.script" value=""/>
    <property name="sun.management.compiler" value="HotSpot 64-Bit Tiered Compilers"/>
    <property name="java.runtime.version" value="17.0.2+8-86"/>
    <property name="user.name" value="JakubJíra"/>
    <property name="path.separator" value=";"/>
    <property name="os.version" value="10.0"/>
    <property name="java.runtime.name" value="OpenJDK Runtime Environment"/>
    <property name="file.encoding" value="UTF-8"/>
    <property name="guice.disable.misplaced.annotation.check" value="true"/>
    <property name="java.vm.name" value="OpenJDK 64-Bit Server VM"/>
    <property name="maven.ext.class.path" value="C:\Program Files\JetBrains\IntelliJ IDEA 2021.3.2\plugins\maven\lib\maven-event-listener.jar"/>
    <property name="java.vendor.url.bug" value="https://bugreport.java.com/bugreport/"/>
    <property name="java.io.tmpdir" value="C:\Users\JAKUBJ~1\AppData\Local\Temp\"/>
    <property name="idea.version" value="2021.3.2"/>
    <property name="java.version" value="17.0.2"/>
    <property name="user.dir" value="C:\Users\JakubJíra\Codes\B4M36ESW\nonblock-set"/>
    <property name="os.arch" value="amd64"/>
    <property name="maven.multiModuleProjectDirectory" value="C:\Users\JakubJíra\Codes\B4M36ESW\nonblock-set"/>
    <property name="java.vm.specification.name" value="Java Virtual Machine Specification"/>
    <property name="user.language.format" value="cs"/>
    <property name="sun.os.patch.level" value=""/>
    <property name="native.encoding" value="Cp1252"/>
    <property name="java.library.path" value="C:\Users\JakubJíra\.jdks\openjdk-17.0.2\bin;C:\WINDOWS\Sun\Java\bin;C:\WINDOWS\system32;C:\WINDOWS;C:\gurobi951\win64\bin;C:\Program Files\Common Files\Oracle\Java\javapath;C:\Program Files (x86)\Common Files\Oracle\Java\javapath;C:\WINDOWS\system32;C:\WINDOWS;C:\WINDOWS\System32\Wbem;C:\WINDOWS\System32\WindowsPowerShell\v1.0\;C:\WINDOWS\System32\OpenSSH\;C:\Program Files\Microsoft VS Code\bin;C:\ProgramData\chocolatey\bin;C:\Program Files\Git\cmd;C:\Program Files\Docker\Docker\resources\bin;C:\ProgramData\DockerDesktop\version-bin;C:\Users\JakubJíra\AppData\Local\Programs\Python\Python310\Scripts\;C:\Users\JakubJíra\AppData\Local\Programs\Python\Python310\;C:\Users\JakubJíra\AppData\Local\Microsoft\WindowsApps;;C:\Program Files\JetBrains\CLion 2021.3.3\bin;;C:\Program Files\JetBrains\IntelliJ IDEA 2021.3.2\bin;;C:\Program Files\JetBrains\PyCharm 2021.3.2\bin;;."/>
    <property name="java.vendor" value="Oracle Corporation"/>
    <property name="java.vm.info" value="mixed mode, sharing"/>
    <property name="java.vm.version" value="17.0.2+8-86"/>
    <property name="classworlds.conf" value="C:\Program Files\JetBrains\IntelliJ IDEA 2021.3.2\plugins\maven\lib\maven3\bin\m2.conf"/>
    <property name="sun.io.unicode.encoding" value="UnicodeLittle"/>
    <property name="java.class.version" value="61.0"/>
  </properties>
  <testcase name="cz.cvut.fel.esw.nonblock.map.VmlensStringSetTest.testTwoAddsBasic" classname="cz.cvut.fel.esw.nonblock.map.VmlensStringSetTest" time="0.182"/>
  <testcase name="cz.cvut.fel.esw.nonblock.map.VmlensStringSetTest.testTwoAddsRunner" classname="cz.cvut.fel.esw.nonblock.map.VmlensStringSetTest" time="0.145"/>
  <testcase name="cz.cvut.fel.esw.nonblock.map.VmlensStringSetTest.testTwoAddsAlreadyContainedRunner" classname="cz.cvut.fel.esw.nonblock.map.VmlensStringSetTest" time="0.183"/>
</testsuite>